<?xml version="1.0" encoding="UTF-8"?>
<!-- Generated by org.testng.reporters.JUnitXMLReporter -->
<testsuite hostname="DESKTOP-SHDMBGS" ignored="0" tests="8" failures="0" timestamp="2021-05-30T15:59:41 AEST" time="9.37" errors="0">
  <testcase name="E_401_getAPITest_InCorrectCredentials" time="3.37" classname="TopResultApi_Test"/>
  <testcase name="E_500_getAPITest_NegCount" time="0.16" classname="TopResultApi_Test"/>
  <testcase name="GetTopResultsApi_Test" time="0.112" classname="TopResultApi_Test"/>
  <testcase name="GetTopResultsApi_Test" time="0.104" classname="TopResultApi_Test"/>
  <testcase name="GetTopResultsApi_Test" time="0.124" classname="TopResultApi_Test"/>
  <testcase name="GetTopResultsApi_Test" time="0.071" classname="TopResultApi_Test"/>
  <testcase name="GetTopResultsApi_Test" time="0.08" classname="TopResultApi_Test"/>
  <testcase name="validateSchema" time="0.776" classname="TopResultApi_Test"/>
</testsuite>
