<?xml version="1.0" encoding="UTF-8"?>
<testsuite xmlns:xsi="http://www.w3.org/2001/XMLSchema-instance" xsi:noNamespaceSchemaLocation="https://maven.apache.org/surefire/maven-surefire-plugin/xsd/surefire-test-report-3.0.xsd" version="3.0" name="TestSuite" time="11.113" tests="8" errors="0" skipped="0" failures="0">
  <properties>
[...]
</properties>
  <testcase name="E_401_getAPITest_InCorrectCredentials" classname="TopResultApi_Test" time="3.346">
    <system-out><![CDATA[Test Value Received from Runner XML is -5
Response Body is -{"I":5,"this":3,"my":3,"could":2,"know":2}
Response Body Size -5
]]></system-out>
  </testcase>
  <testcase name="E_500_getAPITest_NegCount" classname="TopResultApi_Test" time="0.152"/>
  <testcase name="GetTopResultsApi_Test[0](1)" classname="TopResultApi_Test" time="0.112"/>
  <testcase name="GetTopResultsApi_Test[1](2)" classname="TopResultApi_Test" time="0.104"/>
  <testcase name="GetTopResultsApi_Test[2](3)" classname="TopResultApi_Test" time="0.126"/>
  <testcase name="GetTopResultsApi_Test[3](4)" classname="TopResultApi_Test" time="0.07"/>
  <testcase name="GetTopResultsApi_Test[4](5)" classname="TopResultApi_Test" time="0.08"/>
  <testcase name="validateSchema" classname="TopResultApi_Test" time="0.776"/>
</testsuite>